Using pre-set license
Built from '2020.3/staging' branch; Version is '2020.3.20f1 (41c4e627c95f) revision 4310246'; Using compiler version '192528614'; Build Type 'Release'
OS: 'Windows 10 Home; OS build 19043.1826; Version 2009; 64bit' Language: 'pl' Physical Memory: 32651 MB
BatchMode: 1, IsHumanControllingUs: 0, StartBugReporterOnCrash: 0, Is64bit: 1, IsPro: 0

COMMAND LINE ARGUMENTS:
D:\Program Files\UnityHub\UnityEditors\2020.3.20f1\Editor\Unity.exe
-adb2
-batchMode
-noUpm
-name
AssetImportWorker0
-projectPath
D:/Unity_projects/WhaleSoul
-logFile
Logs/AssetImportWorker0.log
-srvPort
51033
Successfully changed project path to: D:/Unity_projects/WhaleSoul
D:/Unity_projects/WhaleSoul
Using Asset Import Pipeline V2.
Refreshing native plugins compatible for Editor in 103.55 ms, found 3 plugins.
Preloading 0 native plugins for Editor in 0.00 ms.
Initialize engine version: 2020.3.20f1 (41c4e627c95f)
[Subsystems] Discovering subsystems at path D:/Program Files/UnityHub/UnityEditors/2020.3.20f1/Editor/Data/Resources/UnitySubsystems
[Subsystems] Discovering subsystems at path D:/Unity_projects/WhaleSoul/Assets
GfxDevice: creating device client; threaded=0
Direct3D:
    Version:  Direct3D 11.0 [level 11.1]
    Renderer: NVIDIA GeForce GTX 970M (ID=0x13d8)
    Vendor:   
    VRAM:     3032 MB
    Driver:   30.0.14.9613
Initialize mono
Mono path[0] = 'D:/Program Files/UnityHub/UnityEditors/2020.3.20f1/Editor/Data/Managed'
Mono path[1] = 'D:/Program Files/UnityHub/UnityEditors/2020.3.20f1/Editor/Data/MonoBleedingEdge/lib/mono/unityjit'
Mono config path = 'D:/Program Files/UnityHub/UnityEditors/2020.3.20f1/Editor/Data/MonoBleedingEdge/etc'
Using monoOptions --debugger-agent=transport=dt_socket,embedding=1,server=y,suspend=n,address=127.0.0.1:56476
Begin MonoManager ReloadAssembly
Registering precompiled unity dll's ...
Register platform support module: D:/Program Files/UnityHub/UnityEditors/2020.3.20f1/Editor/Data/PlaybackEngines/WindowsStandaloneSupport/UnityEditor.WindowsStandalone.Extensions.dll
Registered in 0.001505 seconds.
Native extension for WindowsStandalone target not found
Refreshing native plugins compatible for Editor in 93.83 ms, found 3 plugins.
Preloading 0 native plugins for Editor in 0.00 ms.
Mono: successfully reloaded assembly
- Completed reload, in  3.002 seconds
Domain Reload Profiling:
	ReloadAssembly (3002ms)
		BeginReloadAssembly (88ms)
			ExecutionOrderSort (0ms)
			DisableScriptedObjects (0ms)
			BackupInstance (0ms)
			ReleaseScriptingObjects (0ms)
			CreateAndSetChildDomain (1ms)
		EndReloadAssembly (561ms)
			LoadAssemblies (87ms)
			RebuildTransferFunctionScriptingTraits (0ms)
			SetupTypeCache (185ms)
			ReleaseScriptCaches (0ms)
			RebuildScriptCaches (37ms)
			SetupLoadedEditorAssemblies (254ms)
				LogAssemblyErrors (0ms)
				InitializePlatformSupportModulesInManaged (4ms)
				SetLoadedEditorAssemblies (0ms)
				RefreshPlugins (94ms)
				BeforeProcessingInitializeOnLoad (20ms)
				ProcessInitializeOnLoadAttributes (102ms)
				ProcessInitializeOnLoadMethodAttributes (34ms)
				AfterProcessingInitializeOnLoad (0ms)
				EditorAssembliesLoaded (0ms)
			ExecutionOrderSort2 (0ms)
			AwakeInstancesAfterBackupRestoration (0ms)
Platform modules already initialized, skipping
Registering precompiled user dll's ...
Registered in 0.004801 seconds.
Begin MonoManager ReloadAssembly
Native extension for WindowsStandalone target not found
Refreshing native plugins compatible for Editor in 97.40 ms, found 3 plugins.
Preloading 0 native plugins for Editor in 0.00 ms.
Mono: successfully reloaded assembly
- Completed reload, in  1.627 seconds
Domain Reload Profiling:
	ReloadAssembly (1629ms)
		BeginReloadAssembly (201ms)
			ExecutionOrderSort (0ms)
			DisableScriptedObjects (5ms)
			BackupInstance (0ms)
			ReleaseScriptingObjects (0ms)
			CreateAndSetChildDomain (26ms)
		EndReloadAssembly (1356ms)
			LoadAssemblies (154ms)
			RebuildTransferFunctionScriptingTraits (0ms)
			SetupTypeCache (454ms)
			ReleaseScriptCaches (1ms)
			RebuildScriptCaches (94ms)
			SetupLoadedEditorAssemblies (525ms)
				LogAssemblyErrors (0ms)
				InitializePlatformSupportModulesInManaged (4ms)
				SetLoadedEditorAssemblies (0ms)
				RefreshPlugins (97ms)
				BeforeProcessingInitializeOnLoad (125ms)
				ProcessInitializeOnLoadAttributes (277ms)
				ProcessInitializeOnLoadMethodAttributes (18ms)
				AfterProcessingInitializeOnLoad (3ms)
				EditorAssembliesLoaded (0ms)
			ExecutionOrderSort2 (0ms)
			AwakeInstancesAfterBackupRestoration (8ms)
Platform modules already initialized, skipping
========================================================================
Worker process is ready to serve import requests
Launched and connected shader compiler UnityShaderCompiler.exe after 0.07 seconds
Refreshing native plugins compatible for Editor in 0.85 ms, found 3 plugins.
Preloading 0 native plugins for Editor in 0.00 ms.
Unloading 4246 Unused Serialized files (Serialized files now loaded: 0)
System memory in use before: 258.3 MB.
System memory in use after: 258.5 MB.

Unloading 29 unused Assets to reduce memory usage. Loaded Objects now: 4708.
Total: 5.480700 ms (FindLiveObjects: 0.448500 ms CreateObjectMapping: 0.253000 ms MarkObjects: 4.541700 ms  DeleteObjects: 0.236000 ms)

AssetImportParameters requested are different than current active one (requested -> active):
  custom:framework-win-MediaFoundation: 216162199b28c13a410421893ffa2e32 -> 
  custom:video-decoder-ogg-theora: a1e56fd34408186e4bbccfd4996cb3dc -> 
  custom:container-muxer-webm: aa71ff27fc2769a1b78a27578f13a17b -> 
  custom:container-demuxer-webm: 4f35f7cbe854078d1ac9338744f61a02 -> 
  custom:container-demuxer-ogg: 62fdf1f143b41e24485cea50d1cbac27 -> 
  custom:video-encoder-webm-vp8: eb34c28f22e8b96e1ab97ce403110664 -> 
  custom:video-codec-MediaFoundation-h265: 746d11721c4dcdbdad8f713fa42b33f4 -> 
  custom:video-decoder-webm-vp8: 9c59270c3fd7afecdb556c50c9e8de78 -> 
  custom:audio-decoder-ogg-vorbis: bf7c407c2cedff20999df2af8eb42d56 -> 
  custom:audio-encoder-webm-vorbis: bf7c407c2cedff20999df2af8eb42d56 -> 
========================================================================
Received Import Request.
  path: Assets/Assets/Lady/animations/idle01.anim
  artifactKey: Guid(b38c4259b9fd088459d0efb89b7d9aca) Importer(815301076,1909f56bfc062723c751e8b465ee728b)
Start importing Assets/Assets/Lady/animations/idle01.anim using Guid(b38c4259b9fd088459d0efb89b7d9aca) Importer(815301076,1909f56bfc062723c751e8b465ee728b)  -> (artifact id: '26118490a0b501f2e01391da0d385913') in 0.065163 seconds 
  Import took 0.073172 seconds .

========================================================================
Received Import Request.
  Time since last request: 0.000294 seconds.
  path: Assets/Assets/Lady/animations/idle01_0.controller
  artifactKey: Guid(4e13ce91d660fca449d194d4c12c3eb9) Importer(815301076,1909f56bfc062723c751e8b465ee728b)
Start importing Assets/Assets/Lady/animations/idle01_0.controller using Guid(4e13ce91d660fca449d194d4c12c3eb9) Importer(815301076,1909f56bfc062723c751e8b465ee728b)  -> (artifact id: '892045a29f1bde9a7a6f6912db711ebc') in 0.009538 seconds 
  Import took 0.016730 seconds .

========================================================================
Received Import Request.
  Time since last request: 0.000275 seconds.
  path: Assets/Assets/Lady/animations
  artifactKey: Guid(a80231f9dd0840f42bdf3925190a2cdb) Importer(815301076,1909f56bfc062723c751e8b465ee728b)
Start importing Assets/Assets/Lady/animations using Guid(a80231f9dd0840f42bdf3925190a2cdb) Importer(815301076,1909f56bfc062723c751e8b465ee728b)  -> (artifact id: '654ff94b28d455bda4f238f951ffc393') in 0.028094 seconds 
  Import took 0.036578 seconds .

========================================================================
Received Prepare
Registering precompiled user dll's ...
Registered in 0.004738 seconds.
Begin MonoManager ReloadAssembly
Native extension for WindowsStandalone target not found
Refreshing native plugins compatible for Editor in 0.89 ms, found 3 plugins.
Preloading 0 native plugins for Editor in 0.00 ms.
Mono: successfully reloaded assembly
- Completed reload, in  1.445 seconds
Domain Reload Profiling:
	ReloadAssembly (1446ms)
		BeginReloadAssembly (169ms)
			ExecutionOrderSort (0ms)
			DisableScriptedObjects (7ms)
			BackupInstance (0ms)
			ReleaseScriptingObjects (0ms)
			CreateAndSetChildDomain (48ms)
		EndReloadAssembly (1205ms)
			LoadAssemblies (150ms)
			RebuildTransferFunctionScriptingTraits (0ms)
			SetupTypeCache (458ms)
			ReleaseScriptCaches (2ms)
			RebuildScriptCaches (62ms)
			SetupLoadedEditorAssemblies (429ms)
				LogAssemblyErrors (0ms)
				InitializePlatformSupportModulesInManaged (6ms)
				SetLoadedEditorAssemblies (1ms)
				RefreshPlugins (1ms)
				BeforeProcessingInitializeOnLoad (134ms)
				ProcessInitializeOnLoadAttributes (277ms)
				ProcessInitializeOnLoadMethodAttributes (7ms)
				AfterProcessingInitializeOnLoad (3ms)
				EditorAssembliesLoaded (0ms)
			ExecutionOrderSort2 (0ms)
			AwakeInstancesAfterBackupRestoration (13ms)
Platform modules already initialized, skipping
Refreshing native plugins compatible for Editor in 1.39 ms, found 3 plugins.
Preloading 0 native plugins for Editor in 0.00 ms.
Unloading 4141 Unused Serialized files (Serialized files now loaded: 0)
System memory in use before: 248.4 MB.
System memory in use after: 248.6 MB.

Unloading 18 unused Assets to reduce memory usage. Loaded Objects now: 4711.
Total: 4.584000 ms (FindLiveObjects: 0.373700 ms CreateObjectMapping: 0.217400 ms MarkObjects: 3.827400 ms  DeleteObjects: 0.164600 ms)

AssetImportParameters requested are different than current active one (requested -> active):
  custom:framework-win-MediaFoundation: 216162199b28c13a410421893ffa2e32 -> 
  custom:video-decoder-ogg-theora: a1e56fd34408186e4bbccfd4996cb3dc -> 
  custom:container-muxer-webm: aa71ff27fc2769a1b78a27578f13a17b -> 
  custom:container-demuxer-webm: 4f35f7cbe854078d1ac9338744f61a02 -> 
  custom:container-demuxer-ogg: 62fdf1f143b41e24485cea50d1cbac27 -> 
  custom:video-encoder-webm-vp8: eb34c28f22e8b96e1ab97ce403110664 -> 
  custom:video-codec-MediaFoundation-h265: 746d11721c4dcdbdad8f713fa42b33f4 -> 
  custom:video-decoder-webm-vp8: 9c59270c3fd7afecdb556c50c9e8de78 -> 
  custom:audio-decoder-ogg-vorbis: bf7c407c2cedff20999df2af8eb42d56 -> 
  custom:audio-encoder-webm-vorbis: bf7c407c2cedff20999df2af8eb42d56 -> 
========================================================================
Received Import Request.
  Time since last request: 48.816395 seconds.
  path: Assets/Assets/Lady/animations/idle01_0 1.controller
  artifactKey: Guid(9595c0a51ac9ea240af30e58d08ab288) Importer(815301076,1909f56bfc062723c751e8b465ee728b)
Start importing Assets/Assets/Lady/animations/idle01_0 1.controller using Guid(9595c0a51ac9ea240af30e58d08ab288) Importer(815301076,1909f56bfc062723c751e8b465ee728b)  -> (artifact id: 'c3ab1071c02dbb3f08b88b406af330bd') in 0.032879 seconds 
  Import took 0.041892 seconds .

========================================================================
Received Import Request.
  Time since last request: 0.273987 seconds.
  path: Assets/Assets/Lady/animations/idle01.anim
  artifactKey: Guid(b38c4259b9fd088459d0efb89b7d9aca) Importer(815301076,1909f56bfc062723c751e8b465ee728b)
Start importing Assets/Assets/Lady/animations/idle01.anim using Guid(b38c4259b9fd088459d0efb89b7d9aca) Importer(815301076,1909f56bfc062723c751e8b465ee728b)  -> (artifact id: '85f0496a3039ca767ada90c7d3f4c344') in 0.004231 seconds 
  Import took 0.016439 seconds .

========================================================================
Received Import Request.
  Time since last request: 62.295977 seconds.
  path: Assets/Assets/Lady/face/2.png
  artifactKey: Guid(a25656247564d7d40acb2f85ea9ae644) Importer(815301076,1909f56bfc062723c751e8b465ee728b)
Start importing Assets/Assets/Lady/face/2.png using Guid(a25656247564d7d40acb2f85ea9ae644) Importer(815301076,1909f56bfc062723c751e8b465ee728b)  -> (artifact id: 'd0e604374b2e13f74999a5407f9fa3de') in 0.100953 seconds 
  Import took 0.108919 seconds .

========================================================================
Received Import Request.
  Time since last request: 0.894147 seconds.
  path: Assets/Assets/Lady/face/3.png
  artifactKey: Guid(501addf5fab6692498b56e2773576a7b) Importer(815301076,1909f56bfc062723c751e8b465ee728b)
Start importing Assets/Assets/Lady/face/3.png using Guid(501addf5fab6692498b56e2773576a7b) Importer(815301076,1909f56bfc062723c751e8b465ee728b)  -> (artifact id: '9db65868eda26438a81bb9a86e83b0b0') in 0.036032 seconds 
  Import took 0.045042 seconds .

========================================================================
Received Import Request.
  Time since last request: 130.350045 seconds.
  path: Assets/Assets/Crow/face/1.png
  artifactKey: Guid(ef15325ab4e63224c81eba7904913e4c) Importer(815301076,1909f56bfc062723c751e8b465ee728b)
Start importing Assets/Assets/Crow/face/1.png using Guid(ef15325ab4e63224c81eba7904913e4c) Importer(815301076,1909f56bfc062723c751e8b465ee728b)  -> (artifact id: 'd193442a8746ab70d911bbd894504a44') in 0.030065 seconds 
  Import took 0.038507 seconds .

========================================================================
Received Import Request.
  Time since last request: 3.558671 seconds.
  path: Assets/Assets/Crow/face/sad.png
  artifactKey: Guid(ef15325ab4e63224c81eba7904913e4c) Importer(815301076,1909f56bfc062723c751e8b465ee728b)
Start importing Assets/Assets/Crow/face/sad.png using Guid(ef15325ab4e63224c81eba7904913e4c) Importer(815301076,1909f56bfc062723c751e8b465ee728b)  -> (artifact id: '900e2bb47fb516cb71aaa07973849407') in 0.204188 seconds 
  Import took 0.212430 seconds .

========================================================================
Received Import Request.
  Time since last request: 0.864183 seconds.
  path: Assets/Assets/Crow/face/2.png
  artifactKey: Guid(78888047471e03c43be0aadfe39d416f) Importer(815301076,1909f56bfc062723c751e8b465ee728b)
Start importing Assets/Assets/Crow/face/2.png using Guid(78888047471e03c43be0aadfe39d416f) Importer(815301076,1909f56bfc062723c751e8b465ee728b)  -> (artifact id: '4e123d9ccf0a608c4a52dd5af7857983') in 0.053130 seconds 
  Import took 0.061979 seconds .

========================================================================
Received Import Request.
  Time since last request: 1.265883 seconds.
  path: Assets/Assets/Crow/face/3.png
  artifactKey: Guid(605a54a8d54355b44bc605a68bdc0233) Importer(815301076,1909f56bfc062723c751e8b465ee728b)
Start importing Assets/Assets/Crow/face/3.png using Guid(605a54a8d54355b44bc605a68bdc0233) Importer(815301076,1909f56bfc062723c751e8b465ee728b)  -> (artifact id: 'd0569c4309ef45d0893978c12881c49c') in 0.023719 seconds 
  Import took 0.032246 seconds .

========================================================================
Received Import Request.
  Time since last request: 6.370849 seconds.
  path: Assets/Assets/Crow/face/normal.png
  artifactKey: Guid(78888047471e03c43be0aadfe39d416f) Importer(815301076,1909f56bfc062723c751e8b465ee728b)
Start importing Assets/Assets/Crow/face/normal.png using Guid(78888047471e03c43be0aadfe39d416f) Importer(815301076,1909f56bfc062723c751e8b465ee728b)  -> (artifact id: '2143c706a1a32c61f614ac4887b3fdcf') in 0.028925 seconds 
  Import took 0.036436 seconds .

========================================================================
Received Import Request.
  Time since last request: 6.143505 seconds.
  path: Assets/Assets/Crow/face/exited.png
  artifactKey: Guid(605a54a8d54355b44bc605a68bdc0233) Importer(815301076,1909f56bfc062723c751e8b465ee728b)
Start importing Assets/Assets/Crow/face/exited.png using Guid(605a54a8d54355b44bc605a68bdc0233) Importer(815301076,1909f56bfc062723c751e8b465ee728b)  -> (artifact id: '8f6ff24d9c06b82774c4a9c80cdf0984') in 0.021511 seconds 
  Import took 0.032029 seconds .

========================================================================
Received Import Request.
  Time since last request: 17.013357 seconds.
  path: Assets/Assets/Lady/face/1.png
  artifactKey: Guid(38d1a42b6dafbea4b993c34003122abc) Importer(815301076,1909f56bfc062723c751e8b465ee728b)
Start importing Assets/Assets/Lady/face/1.png using Guid(38d1a42b6dafbea4b993c34003122abc) Importer(815301076,1909f56bfc062723c751e8b465ee728b)  -> (artifact id: 'fef0ecd3cc6cc4073d7647b414d35ce2') in 0.027665 seconds 
  Import took 0.036373 seconds .

========================================================================
Received Import Request.
  Time since last request: 8.314382 seconds.
  path: Assets/Assets/Lady/face/sadnclosed.png
  artifactKey: Guid(38d1a42b6dafbea4b993c34003122abc) Importer(815301076,1909f56bfc062723c751e8b465ee728b)
Start importing Assets/Assets/Lady/face/sadnclosed.png using Guid(38d1a42b6dafbea4b993c34003122abc) Importer(815301076,1909f56bfc062723c751e8b465ee728b)  -> (artifact id: '0462374ddecd9f5e5559c13ba3406d19') in 0.028994 seconds 
  Import took 0.037458 seconds .

========================================================================
Received Import Request.
  Time since last request: 4.908130 seconds.
  path: Assets/Assets/Lady/face/sad.png
  artifactKey: Guid(a25656247564d7d40acb2f85ea9ae644) Importer(815301076,1909f56bfc062723c751e8b465ee728b)
Start importing Assets/Assets/Lady/face/sad.png using Guid(a25656247564d7d40acb2f85ea9ae644) Importer(815301076,1909f56bfc062723c751e8b465ee728b)  -> (artifact id: '880d3fe54cf683ade5f7a4cdb7a465bc') in 0.024492 seconds 
  Import took 0.032602 seconds .

========================================================================
Received Import Request.
  Time since last request: 6.098597 seconds.
  path: Assets/Assets/Lady/face/happy.png
  artifactKey: Guid(501addf5fab6692498b56e2773576a7b) Importer(815301076,1909f56bfc062723c751e8b465ee728b)
Start importing Assets/Assets/Lady/face/happy.png using Guid(501addf5fab6692498b56e2773576a7b) Importer(815301076,1909f56bfc062723c751e8b465ee728b)  -> (artifact id: 'cd98aabcbef32d209a37e8404b878ea9') in 0.029216 seconds 
  Import took 0.037086 seconds .

========================================================================
Received Import Request.
  Time since last request: 1.483694 seconds.
  path: Assets/Assets/Lady/face/4.png
  artifactKey: Guid(4c5b562a4c9f6b4449e0cc2c5e8b7c55) Importer(815301076,1909f56bfc062723c751e8b465ee728b)
Start importing Assets/Assets/Lady/face/4.png using Guid(4c5b562a4c9f6b4449e0cc2c5e8b7c55) Importer(815301076,1909f56bfc062723c751e8b465ee728b)  -> (artifact id: '7e940b1dfe5d3c568051fcaa03f7df73') in 0.058302 seconds 
  Import took 0.067017 seconds .

========================================================================
Received Import Request.
  Time since last request: 13.836195 seconds.
  path: Assets/Assets/Lady/face/normal.png
  artifactKey: Guid(a25656247564d7d40acb2f85ea9ae644) Importer(815301076,1909f56bfc062723c751e8b465ee728b)
Start importing Assets/Assets/Lady/face/normal.png using Guid(a25656247564d7d40acb2f85ea9ae644) Importer(815301076,1909f56bfc062723c751e8b465ee728b)  -> (artifact id: '84be672ff7894dec1ebaf36d16d22eee') in 0.030344 seconds 
  Import took 0.039040 seconds .

========================================================================
Received Import Request.
  Time since last request: 8.407369 seconds.
  path: Assets/Assets/Lady/face/happyclosed.png
  artifactKey: Guid(4c5b562a4c9f6b4449e0cc2c5e8b7c55) Importer(815301076,1909f56bfc062723c751e8b465ee728b)
Start importing Assets/Assets/Lady/face/happyclosed.png using Guid(4c5b562a4c9f6b4449e0cc2c5e8b7c55) Importer(815301076,1909f56bfc062723c751e8b465ee728b)  -> (artifact id: '8d5d778610d61a5993b16dd90c1442cb') in 0.028879 seconds 
  Import took 0.038943 seconds .

========================================================================
Received Import Request.
  Time since last request: 5.933558 seconds.
  path: Assets/Assets/Lady/face/normalclosed.png
  artifactKey: Guid(38d1a42b6dafbea4b993c34003122abc) Importer(815301076,1909f56bfc062723c751e8b465ee728b)
Start importing Assets/Assets/Lady/face/normalclosed.png using Guid(38d1a42b6dafbea4b993c34003122abc) Importer(815301076,1909f56bfc062723c751e8b465ee728b)  -> (artifact id: '907439e86157ce93ba4cd62f190d3fe4') in 0.034517 seconds 
  Import took 0.044781 seconds .

========================================================================
Received Prepare
Registering precompiled user dll's ...
Registered in 0.005251 seconds.
Begin MonoManager ReloadAssembly
Native extension for WindowsStandalone target not found
Refreshing native plugins compatible for Editor in 0.89 ms, found 3 plugins.
Preloading 0 native plugins for Editor in 0.00 ms.
Mono: successfully reloaded assembly
- Completed reload, in  1.505 seconds
Domain Reload Profiling:
	ReloadAssembly (1506ms)
		BeginReloadAssembly (161ms)
			ExecutionOrderSort (0ms)
			DisableScriptedObjects (7ms)
			BackupInstance (0ms)
			ReleaseScriptingObjects (0ms)
			CreateAndSetChildDomain (47ms)
		EndReloadAssembly (1270ms)
			LoadAssemblies (151ms)
			RebuildTransferFunctionScriptingTraits (0ms)
			SetupTypeCache (500ms)
			ReleaseScriptCaches (2ms)
			RebuildScriptCaches (74ms)
			SetupLoadedEditorAssemblies (412ms)
				LogAssemblyErrors (0ms)
				InitializePlatformSupportModulesInManaged (5ms)
				SetLoadedEditorAssemblies (1ms)
				RefreshPlugins (1ms)
				BeforeProcessingInitializeOnLoad (118ms)
				ProcessInitializeOnLoadAttributes (276ms)
				ProcessInitializeOnLoadMethodAttributes (7ms)
				AfterProcessingInitializeOnLoad (4ms)
				EditorAssembliesLoaded (0ms)
			ExecutionOrderSort2 (0ms)
			AwakeInstancesAfterBackupRestoration (13ms)
Platform modules already initialized, skipping
Refreshing native plugins compatible for Editor in 0.91 ms, found 3 plugins.
Preloading 0 native plugins for Editor in 0.00 ms.
Unloading 4141 Unused Serialized files (Serialized files now loaded: 0)
System memory in use before: 251.4 MB.
System memory in use after: 251.6 MB.

Unloading 18 unused Assets to reduce memory usage. Loaded Objects now: 4722.
Total: 5.304000 ms (FindLiveObjects: 0.458100 ms CreateObjectMapping: 0.314400 ms MarkObjects: 4.342100 ms  DeleteObjects: 0.188000 ms)

AssetImportParameters requested are different than current active one (requested -> active):
  custom:framework-win-MediaFoundation: 216162199b28c13a410421893ffa2e32 -> 
  custom:video-decoder-ogg-theora: a1e56fd34408186e4bbccfd4996cb3dc -> 
  custom:container-muxer-webm: aa71ff27fc2769a1b78a27578f13a17b -> 
  custom:container-demuxer-webm: 4f35f7cbe854078d1ac9338744f61a02 -> 
  custom:container-demuxer-ogg: 62fdf1f143b41e24485cea50d1cbac27 -> 
  custom:video-encoder-webm-vp8: eb34c28f22e8b96e1ab97ce403110664 -> 
  custom:video-codec-MediaFoundation-h265: 746d11721c4dcdbdad8f713fa42b33f4 -> 
  custom:video-decoder-webm-vp8: 9c59270c3fd7afecdb556c50c9e8de78 -> 
  custom:audio-decoder-ogg-vorbis: bf7c407c2cedff20999df2af8eb42d56 -> 
  custom:audio-encoder-webm-vorbis: bf7c407c2cedff20999df2af8eb42d56 -> 
========================================================================
Received Prepare
Registering precompiled user dll's ...
Registered in 0.005291 seconds.
Begin MonoManager ReloadAssembly
Native extension for WindowsStandalone target not found
Refreshing native plugins compatible for Editor in 0.90 ms, found 3 plugins.
Preloading 0 native plugins for Editor in 0.00 ms.
Mono: successfully reloaded assembly
- Completed reload, in  1.479 seconds
Domain Reload Profiling:
	ReloadAssembly (1479ms)
		BeginReloadAssembly (164ms)
			ExecutionOrderSort (0ms)
			DisableScriptedObjects (8ms)
			BackupInstance (0ms)
			ReleaseScriptingObjects (0ms)
			CreateAndSetChildDomain (45ms)
		EndReloadAssembly (1246ms)
			LoadAssemblies (163ms)
			RebuildTransferFunctionScriptingTraits (0ms)
			SetupTypeCache (486ms)
			ReleaseScriptCaches (2ms)
			RebuildScriptCaches (79ms)
			SetupLoadedEditorAssemblies (419ms)
				LogAssemblyErrors (0ms)
				InitializePlatformSupportModulesInManaged (6ms)
				SetLoadedEditorAssemblies (1ms)
				RefreshPlugins (1ms)
				BeforeProcessingInitializeOnLoad (120ms)
				ProcessInitializeOnLoadAttributes (282ms)
				ProcessInitializeOnLoadMethodAttributes (7ms)
				AfterProcessingInitializeOnLoad (3ms)
				EditorAssembliesLoaded (0ms)
			ExecutionOrderSort2 (0ms)
			AwakeInstancesAfterBackupRestoration (12ms)
Platform modules already initialized, skipping
Refreshing native plugins compatible for Editor in 0.94 ms, found 3 plugins.
Preloading 0 native plugins for Editor in 0.00 ms.
Unloading 4141 Unused Serialized files (Serialized files now loaded: 0)
System memory in use before: 251.5 MB.
System memory in use after: 251.6 MB.

Unloading 18 unused Assets to reduce memory usage. Loaded Objects now: 4725.
Total: 7.311000 ms (FindLiveObjects: 0.595200 ms CreateObjectMapping: 1.042700 ms MarkObjects: 5.512900 ms  DeleteObjects: 0.158500 ms)

AssetImportParameters requested are different than current active one (requested -> active):
  custom:framework-win-MediaFoundation: 216162199b28c13a410421893ffa2e32 -> 
  custom:video-decoder-ogg-theora: a1e56fd34408186e4bbccfd4996cb3dc -> 
  custom:container-muxer-webm: aa71ff27fc2769a1b78a27578f13a17b -> 
  custom:container-demuxer-webm: 4f35f7cbe854078d1ac9338744f61a02 -> 
  custom:container-demuxer-ogg: 62fdf1f143b41e24485cea50d1cbac27 -> 
  custom:video-encoder-webm-vp8: eb34c28f22e8b96e1ab97ce403110664 -> 
  custom:video-codec-MediaFoundation-h265: 746d11721c4dcdbdad8f713fa42b33f4 -> 
  custom:video-decoder-webm-vp8: 9c59270c3fd7afecdb556c50c9e8de78 -> 
  custom:audio-decoder-ogg-vorbis: bf7c407c2cedff20999df2af8eb42d56 -> 
  custom:audio-encoder-webm-vorbis: bf7c407c2cedff20999df2af8eb42d56 -> 
========================================================================
Received Prepare
Registering precompiled user dll's ...
Registered in 0.007202 seconds.
Begin MonoManager ReloadAssembly
Native extension for WindowsStandalone target not found
Refreshing native plugins compatible for Editor in 1.30 ms, found 3 plugins.
Preloading 0 native plugins for Editor in 0.00 ms.
Mono: successfully reloaded assembly
- Completed reload, in  1.558 seconds
Domain Reload Profiling:
	ReloadAssembly (1559ms)
		BeginReloadAssembly (173ms)
			ExecutionOrderSort (0ms)
			DisableScriptedObjects (8ms)
			BackupInstance (0ms)
			ReleaseScriptingObjects (0ms)
			CreateAndSetChildDomain (49ms)
		EndReloadAssembly (1302ms)
			LoadAssemblies (176ms)
			RebuildTransferFunctionScriptingTraits (0ms)
			SetupTypeCache (469ms)
			ReleaseScriptCaches (2ms)
			RebuildScriptCaches (77ms)
			SetupLoadedEditorAssemblies (453ms)
				LogAssemblyErrors (0ms)
				InitializePlatformSupportModulesInManaged (6ms)
				SetLoadedEditorAssemblies (1ms)
				RefreshPlugins (1ms)
				BeforeProcessingInitializeOnLoad (136ms)
				ProcessInitializeOnLoadAttributes (298ms)
				ProcessInitializeOnLoadMethodAttributes (8ms)
				AfterProcessingInitializeOnLoad (3ms)
				EditorAssembliesLoaded (0ms)
			ExecutionOrderSort2 (0ms)
			AwakeInstancesAfterBackupRestoration (12ms)
Platform modules already initialized, skipping
Refreshing native plugins compatible for Editor in 1.09 ms, found 3 plugins.
Preloading 0 native plugins for Editor in 0.00 ms.
Unloading 4141 Unused Serialized files (Serialized files now loaded: 0)
System memory in use before: 251.5 MB.
System memory in use after: 251.7 MB.

Unloading 18 unused Assets to reduce memory usage. Loaded Objects now: 4728.
Total: 6.105100 ms (FindLiveObjects: 0.433900 ms CreateObjectMapping: 0.262300 ms MarkObjects: 5.203500 ms  DeleteObjects: 0.203500 ms)

AssetImportParameters requested are different than current active one (requested -> active):
  custom:framework-win-MediaFoundation: 216162199b28c13a410421893ffa2e32 -> 
  custom:video-decoder-ogg-theora: a1e56fd34408186e4bbccfd4996cb3dc -> 
  custom:container-muxer-webm: aa71ff27fc2769a1b78a27578f13a17b -> 
  custom:container-demuxer-webm: 4f35f7cbe854078d1ac9338744f61a02 -> 
  custom:container-demuxer-ogg: 62fdf1f143b41e24485cea50d1cbac27 -> 
  custom:video-encoder-webm-vp8: eb34c28f22e8b96e1ab97ce403110664 -> 
  custom:video-codec-MediaFoundation-h265: 746d11721c4dcdbdad8f713fa42b33f4 -> 
  custom:video-decoder-webm-vp8: 9c59270c3fd7afecdb556c50c9e8de78 -> 
  custom:audio-decoder-ogg-vorbis: bf7c407c2cedff20999df2af8eb42d56 -> 
  custom:audio-encoder-webm-vorbis: bf7c407c2cedff20999df2af8eb42d56 -> 
========================================================================
Received Import Request.
  Time since last request: 367.735985 seconds.
  path: Assets/Assets/Crow/face/exited.png
  artifactKey: Guid(605a54a8d54355b44bc605a68bdc0233) Importer(815301076,1909f56bfc062723c751e8b465ee728b)
Start importing Assets/Assets/Crow/face/exited.png using Guid(605a54a8d54355b44bc605a68bdc0233) Importer(815301076,1909f56bfc062723c751e8b465ee728b)  -> (artifact id: 'b4100ae8af5f6ab24fe724d65aa62742') in 0.092539 seconds 
  Import took 0.132179 seconds .

========================================================================
Received Prepare
Registering precompiled user dll's ...
Registered in 0.004622 seconds.
Begin MonoManager ReloadAssembly
Native extension for WindowsStandalone target not found
Refreshing native plugins compatible for Editor in 0.92 ms, found 3 plugins.
Preloading 0 native plugins for Editor in 0.00 ms.
Mono: successfully reloaded assembly
- Completed reload, in  1.497 seconds
Domain Reload Profiling:
	ReloadAssembly (1497ms)
		BeginReloadAssembly (152ms)
			ExecutionOrderSort (0ms)
			DisableScriptedObjects (7ms)
			BackupInstance (0ms)
			ReleaseScriptingObjects (0ms)
			CreateAndSetChildDomain (48ms)
		EndReloadAssembly (1271ms)
			LoadAssemblies (150ms)
			RebuildTransferFunctionScriptingTraits (0ms)
			SetupTypeCache (498ms)
			ReleaseScriptCaches (2ms)
			RebuildScriptCaches (72ms)
			SetupLoadedEditorAssemblies (422ms)
				LogAssemblyErrors (0ms)
				InitializePlatformSupportModulesInManaged (8ms)
				SetLoadedEditorAssemblies (1ms)
				RefreshPlugins (1ms)
				BeforeProcessingInitializeOnLoad (120ms)
				ProcessInitializeOnLoadAttributes (282ms)
				ProcessInitializeOnLoadMethodAttributes (7ms)
				AfterProcessingInitializeOnLoad (3ms)
				EditorAssembliesLoaded (0ms)
			ExecutionOrderSort2 (0ms)
			AwakeInstancesAfterBackupRestoration (13ms)
Platform modules already initialized, skipping
Refreshing native plugins compatible for Editor in 0.97 ms, found 3 plugins.
Preloading 0 native plugins for Editor in 0.00 ms.
Unloading 4141 Unused Serialized files (Serialized files now loaded: 0)
System memory in use before: 251.5 MB.
System memory in use after: 251.7 MB.

Unloading 18 unused Assets to reduce memory usage. Loaded Objects now: 4732.
Total: 4.693100 ms (FindLiveObjects: 0.452500 ms CreateObjectMapping: 0.278700 ms MarkObjects: 3.820900 ms  DeleteObjects: 0.139800 ms)

AssetImportParameters requested are different than current active one (requested -> active):
  custom:framework-win-MediaFoundation: 216162199b28c13a410421893ffa2e32 -> 
  custom:video-decoder-ogg-theora: a1e56fd34408186e4bbccfd4996cb3dc -> 
  custom:container-muxer-webm: aa71ff27fc2769a1b78a27578f13a17b -> 
  custom:container-demuxer-webm: 4f35f7cbe854078d1ac9338744f61a02 -> 
  custom:container-demuxer-ogg: 62fdf1f143b41e24485cea50d1cbac27 -> 
  custom:video-encoder-webm-vp8: eb34c28f22e8b96e1ab97ce403110664 -> 
  custom:video-codec-MediaFoundation-h265: 746d11721c4dcdbdad8f713fa42b33f4 -> 
  custom:video-decoder-webm-vp8: 9c59270c3fd7afecdb556c50c9e8de78 -> 
  custom:audio-decoder-ogg-vorbis: bf7c407c2cedff20999df2af8eb42d56 -> 
  custom:audio-encoder-webm-vorbis: bf7c407c2cedff20999df2af8eb42d56 -> 
========================================================================
Received Import Request.
  Time since last request: 116.678168 seconds.
  path: Assets/FungusExamples/Sherlock/Audio/Emote/Angry.wav
  artifactKey: Guid(e15cd033e8242884fa44bbbffb3635e4) Importer(815301076,1909f56bfc062723c751e8b465ee728b)
Start importing Assets/FungusExamples/Sherlock/Audio/Emote/Angry.wav using Guid(e15cd033e8242884fa44bbbffb3635e4) Importer(815301076,1909f56bfc062723c751e8b465ee728b)  -> (artifact id: '9096c421d0fdaab7674a2ea298b7e896') in 0.457413 seconds 
  Import took 0.468405 seconds .

========================================================================
Received Import Request.
  Time since last request: 0.000347 seconds.
  path: Assets/FungusExamples/Sherlock/Audio/Emote/Furious.wav
  artifactKey: Guid(a84a8e1a17e158c48b4d308292df81db) Importer(815301076,1909f56bfc062723c751e8b465ee728b)
Start importing Assets/FungusExamples/Sherlock/Audio/Emote/Furious.wav using Guid(a84a8e1a17e158c48b4d308292df81db) Importer(815301076,1909f56bfc062723c751e8b465ee728b)  -> (artifact id: '72642a37d8e1025858c768ca85968009') in 0.044675 seconds 
  Import took 0.053624 seconds .

========================================================================
Received Import Request.
  Time since last request: 0.000315 seconds.
  path: Assets/FungusExamples/Sherlock/Audio/GUI/LowVoice.wav
  artifactKey: Guid(c89d9cff88a1247d3be3911553d119a2) Importer(815301076,1909f56bfc062723c751e8b465ee728b)
Start importing Assets/FungusExamples/Sherlock/Audio/GUI/LowVoice.wav using Guid(c89d9cff88a1247d3be3911553d119a2) Importer(815301076,1909f56bfc062723c751e8b465ee728b)  -> (artifact id: '457f601354ed2a87ed759595a5a3818c') in 0.025762 seconds 
  Import took 0.034977 seconds .

========================================================================
Received Import Request.
  Time since last request: 0.000424 seconds.
  path: Assets/FungusExamples/Sherlock/Audio/GUI/HighVoice.wav
  artifactKey: Guid(8e8286c2463884bbaa62cddbee8c7cb3) Importer(815301076,1909f56bfc062723c751e8b465ee728b)
Start importing Assets/FungusExamples/Sherlock/Audio/GUI/HighVoice.wav using Guid(8e8286c2463884bbaa62cddbee8c7cb3) Importer(815301076,1909f56bfc062723c751e8b465ee728b)  -> (artifact id: 'e64662e2638a0059607658e022699b6c') in 0.031950 seconds 
  Import took 0.041621 seconds .

========================================================================
Received Import Request.
  Time since last request: 0.000270 seconds.
  path: Assets/Fungus/Audio/HighVoice.wav
  artifactKey: Guid(774486030b696474e8b3cf7f178123da) Importer(815301076,1909f56bfc062723c751e8b465ee728b)
Start importing Assets/Fungus/Audio/HighVoice.wav using Guid(774486030b696474e8b3cf7f178123da) Importer(815301076,1909f56bfc062723c751e8b465ee728b)  -> (artifact id: '52d87f2200b6c46ac9105a70bf1598bb') in 0.028961 seconds 
  Import took 0.038284 seconds .

========================================================================
Received Import Request.
  Time since last request: 0.000354 seconds.
  path: Assets/Fungus/Audio/LowVoice.wav
  artifactKey: Guid(c53b7c20372e444c6bd7f2ac0729bbe2) Importer(815301076,1909f56bfc062723c751e8b465ee728b)
Start importing Assets/Fungus/Audio/LowVoice.wav using Guid(c53b7c20372e444c6bd7f2ac0729bbe2) Importer(815301076,1909f56bfc062723c751e8b465ee728b)  -> (artifact id: 'c409a48fe2191cad2d5cc84237fffecb') in 0.012897 seconds 
  Import took 0.022305 seconds .

========================================================================
Received Import Request.
  Time since last request: 0.000299 seconds.
  path: Assets/Fungus/Audio/MidVoice.wav
  artifactKey: Guid(f637c5ce9d10e45c7855ed89bfc6b97e) Importer(815301076,1909f56bfc062723c751e8b465ee728b)
Start importing Assets/Fungus/Audio/MidVoice.wav using Guid(f637c5ce9d10e45c7855ed89bfc6b97e) Importer(815301076,1909f56bfc062723c751e8b465ee728b)  -> (artifact id: 'ba44f87aa802fd9076464a28b5488b7a') in 0.016279 seconds 
  Import took 0.032987 seconds .

========================================================================
Received Import Request.
  Time since last request: 0.000347 seconds.
  path: Assets/FungusExamples/Sherlock/Audio/Emote/Realize.wav
  artifactKey: Guid(40c43dcdccf69ed46b85dd1dc5566184) Importer(815301076,1909f56bfc062723c751e8b465ee728b)
Start importing Assets/FungusExamples/Sherlock/Audio/Emote/Realize.wav using Guid(40c43dcdccf69ed46b85dd1dc5566184) Importer(815301076,1909f56bfc062723c751e8b465ee728b)  -> (artifact id: 'd9c63e4420625b9a28ea78d95c4e6dae') in 0.046477 seconds 
  Import took 0.056161 seconds .

========================================================================
Received Import Request.
  Time since last request: 0.000318 seconds.
  path: Assets/Assets/Crow/audiomass-output(1).mp3
  artifactKey: Guid(9cad67d1636112a4f85b7bd757af7b03) Importer(815301076,1909f56bfc062723c751e8b465ee728b)
Start importing Assets/Assets/Crow/audiomass-output(1).mp3 using Guid(9cad67d1636112a4f85b7bd757af7b03) Importer(815301076,1909f56bfc062723c751e8b465ee728b)  -> (artifact id: '5afa8d12f712e35f50c6897e67976923') in 0.020975 seconds 
  Import took 0.028842 seconds .

========================================================================
Received Import Request.
  Time since last request: 0.000273 seconds.
  path: Assets/FungusExamples/TheHunter/Audio/BearRoar.wav
  artifactKey: Guid(18fb463864893c4448e279b69f998d7b) Importer(815301076,1909f56bfc062723c751e8b465ee728b)
Start importing Assets/FungusExamples/TheHunter/Audio/BearRoar.wav using Guid(18fb463864893c4448e279b69f998d7b) Importer(815301076,1909f56bfc062723c751e8b465ee728b)  -> (artifact id: 'f364ca6c571f063c4956d387a58013dc') in 0.025529 seconds 
  Import took 0.057245 seconds .

========================================================================
Received Import Request.
  Time since last request: 0.000318 seconds.
  path: Assets/FungusExamples/Sherlock/Audio/sfx/Liquids/PourLiquid.wav
  artifactKey: Guid(e513fc9af808b8c438338e58bc17a700) Importer(815301076,1909f56bfc062723c751e8b465ee728b)
Start importing Assets/FungusExamples/Sherlock/Audio/sfx/Liquids/PourLiquid.wav using Guid(e513fc9af808b8c438338e58bc17a700) Importer(815301076,1909f56bfc062723c751e8b465ee728b)  -> (artifact id: '021ca853700c3468cbedb1a84e80c6d5') in 0.038972 seconds 
  Import took 0.050099 seconds .

========================================================================
Received Import Request.
  Time since last request: 0.000298 seconds.
  path: Assets/FungusExamples/TheHunter/Audio/Typing/JamesEarlJBot.wav
  artifactKey: Guid(0dc7e509ace954462bc8ab20fcb68d60) Importer(815301076,1909f56bfc062723c751e8b465ee728b)
Start importing Assets/FungusExamples/TheHunter/Audio/Typing/JamesEarlJBot.wav using Guid(0dc7e509ace954462bc8ab20fcb68d60) Importer(815301076,1909f56bfc062723c751e8b465ee728b)  -> (artifact id: 'dd27b13275c5278e0910a92e71b1a934') in 0.022413 seconds 
  Import took 0.030381 seconds .

========================================================================
Received Import Request.
  Time since last request: 0.000287 seconds.
  path: Assets/FungusExamples/Sherlock/Audio/Emote/Scared.wav
  artifactKey: Guid(70f3ad5c22ae4f442a18b2784b073d44) Importer(815301076,1909f56bfc062723c751e8b465ee728b)
Start importing Assets/FungusExamples/Sherlock/Audio/Emote/Scared.wav using Guid(70f3ad5c22ae4f442a18b2784b073d44) Importer(815301076,1909f56bfc062723c751e8b465ee728b)  -> (artifact id: 'd38aa358e9bfeb8111e1b82815806148') in 0.043957 seconds 
  Import took 0.051686 seconds .

========================================================================
Received Import Request.
  Time since last request: 0.000313 seconds.
  path: Assets/FungusExamples/Sherlock/Audio/GUI/Paper.wav
  artifactKey: Guid(9e747544e092d9543b6d81b14434358e) Importer(815301076,1909f56bfc062723c751e8b465ee728b)
Start importing Assets/FungusExamples/Sherlock/Audio/GUI/Paper.wav using Guid(9e747544e092d9543b6d81b14434358e) Importer(815301076,1909f56bfc062723c751e8b465ee728b)  -> (artifact id: 'f411d0eac1bcb89904bd564562ad3624') in 0.084395 seconds 
  Import took 0.092280 seconds .

========================================================================
Received Import Request.
  Time since last request: 0.000582 seconds.
  path: Assets/Fungus/Audio/Click2.wav
  artifactKey: Guid(14a396b1562834718b2d52b9c4639264) Importer(815301076,1909f56bfc062723c751e8b465ee728b)
Start importing Assets/Fungus/Audio/Click2.wav using Guid(14a396b1562834718b2d52b9c4639264) Importer(815301076,1909f56bfc062723c751e8b465ee728b)  -> (artifact id: 'a76804463e2b8e9553d25881ddd95030') in 0.017536 seconds 
  Import took 0.026090 seconds .

========================================================================
Received Import Request.
  Time since last request: 0.000451 seconds.
  path: Assets/FungusExamples/MonoBehEvents/Hit_Hurt10.wav
  artifactKey: Guid(c05250d33e43ca04788384771b988143) Importer(815301076,1909f56bfc062723c751e8b465ee728b)
Start importing Assets/FungusExamples/MonoBehEvents/Hit_Hurt10.wav using Guid(c05250d33e43ca04788384771b988143) Importer(815301076,1909f56bfc062723c751e8b465ee728b)  -> (artifact id: '5c0d65693cfdcc60b1d83aaac59061eb') in 0.053372 seconds 
  Import took 0.062655 seconds .

========================================================================
Received Import Request.
  Time since last request: 0.000320 seconds.
  path: Assets/FungusExamples/TheHunter/Audio/Typing/RobotGossip.wav
  artifactKey: Guid(a7623e252b6a74db79eee3c71b710924) Importer(815301076,1909f56bfc062723c751e8b465ee728b)
Start importing Assets/FungusExamples/TheHunter/Audio/Typing/RobotGossip.wav using Guid(a7623e252b6a74db79eee3c71b710924) Importer(815301076,1909f56bfc062723c751e8b465ee728b)  -> (artifact id: '0d42caff540143194e20b61fe6d8e2aa') in 0.024373 seconds 
  Import took 0.032821 seconds .

========================================================================
Received Import Request.
  Time since last request: 0.000403 seconds.
  path: Assets/Fungus/Audio/Click.wav
  artifactKey: Guid(c18ae2c530c264a6880266d5e0a71337) Importer(815301076,1909f56bfc062723c751e8b465ee728b)
Start importing Assets/Fungus/Audio/Click.wav using Guid(c18ae2c530c264a6880266d5e0a71337) Importer(815301076,1909f56bfc062723c751e8b465ee728b)  -> (artifact id: 'c0ab7bd73160d8da7aec10885377fdc8') in 0.042500 seconds 
  Import took 0.052688 seconds .

========================================================================
Received Import Request.
  Time since last request: 0.000386 seconds.
  path: Assets/FungusExamples/TheHunter/Audio/Typing/AngryGiantInsect.wav
  artifactKey: Guid(6ef46b89a24b74a14afd5145a28fc4fc) Importer(815301076,1909f56bfc062723c751e8b465ee728b)
Start importing Assets/FungusExamples/TheHunter/Audio/Typing/AngryGiantInsect.wav using Guid(6ef46b89a24b74a14afd5145a28fc4fc) Importer(815301076,1909f56bfc062723c751e8b465ee728b)  -> (artifact id: 'bda5f77b5c8df2f3e5f58a86a9189573') in 0.033642 seconds 
  Import took 0.043828 seconds .

========================================================================
Received Import Request.
  Time since last request: 0.000314 seconds.
  path: Assets/FungusExamples/Sherlock/Audio/Emote/Question.wav
  artifactKey: Guid(682fe1817a668354d986bb418c9a75fe) Importer(815301076,1909f56bfc062723c751e8b465ee728b)
Start importing Assets/FungusExamples/Sherlock/Audio/Emote/Question.wav using Guid(682fe1817a668354d986bb418c9a75fe) Importer(815301076,1909f56bfc062723c751e8b465ee728b)  -> (artifact id: '02adf6cc6c7fdc7750ad6b958ca36908') in 0.021713 seconds 
  Import took 0.031770 seconds .

========================================================================
Received Import Request.
  Time since last request: 0.000282 seconds.
  path: Assets/FungusExamples/Sherlock/Audio/Emote/Shout.wav
  artifactKey: Guid(08ed144a85c2c844ab568517982e0924) Importer(815301076,1909f56bfc062723c751e8b465ee728b)
Start importing Assets/FungusExamples/Sherlock/Audio/Emote/Shout.wav using Guid(08ed144a85c2c844ab568517982e0924) Importer(815301076,1909f56bfc062723c751e8b465ee728b)  -> (artifact id: 'a186fdc806104b047fccb2240302db6a') in 0.021475 seconds 
  Import took 0.031307 seconds .

========================================================================
Received Import Request.
  Time since last request: 0.000332 seconds.
  path: Assets/FungusExamples/Sherlock/Audio/Emote/Shocked.wav
  artifactKey: Guid(d64bcc814caf23c41ba706c2d4f06724) Importer(815301076,1909f56bfc062723c751e8b465ee728b)
Start importing Assets/FungusExamples/Sherlock/Audio/Emote/Shocked.wav using Guid(d64bcc814caf23c41ba706c2d4f06724) Importer(815301076,1909f56bfc062723c751e8b465ee728b)  -> (artifact id: '02bf666d0cfe47d59bf9d157a568d59b') in 0.031367 seconds 
  Import took 0.040138 seconds .

========================================================================
Received Import Request.
  Time since last request: 0.000281 seconds.
  path: Assets/FungusExamples/Sherlock/Audio/GUI/MidVoice.wav
  artifactKey: Guid(1a1543b7873994f51911c9766dd6d83f) Importer(815301076,1909f56bfc062723c751e8b465ee728b)
Start importing Assets/FungusExamples/Sherlock/Audio/GUI/MidVoice.wav using Guid(1a1543b7873994f51911c9766dd6d83f) Importer(815301076,1909f56bfc062723c751e8b465ee728b)  -> (artifact id: 'abcaae1b7af50a9d6792451f07c24af0') in 0.023937 seconds 
  Import took 0.032724 seconds .

========================================================================
Received Import Request.
  Time since last request: 0.000248 seconds.
  path: Assets/FungusExamples/Sherlock/Audio/Emote/Annoyed.wav
  artifactKey: Guid(61bed2868b732754d8642fd8cf3ea4f1) Importer(815301076,1909f56bfc062723c751e8b465ee728b)
Start importing Assets/FungusExamples/Sherlock/Audio/Emote/Annoyed.wav using Guid(61bed2868b732754d8642fd8cf3ea4f1) Importer(815301076,1909f56bfc062723c751e8b465ee728b)  -> (artifact id: '433cfdc31132889ad933cc6ac2b3fa86') in 0.029326 seconds 
  Import took 0.037981 seconds .

========================================================================
Received Import Request.
  Time since last request: 0.000274 seconds.
  path: Assets/FungusExamples/Sherlock/Audio/GUI/Continue.wav
  artifactKey: Guid(7369647d7e7224eb1ba96356b0b7d38d) Importer(815301076,1909f56bfc062723c751e8b465ee728b)
Start importing Assets/FungusExamples/Sherlock/Audio/GUI/Continue.wav using Guid(7369647d7e7224eb1ba96356b0b7d38d) Importer(815301076,1909f56bfc062723c751e8b465ee728b)  -> (artifact id: 'f4b543b2fc29da8117c643d08ae04712') in 0.040118 seconds 
  Import took 0.047712 seconds .

========================================================================
Received Import Request.
  Time since last request: 0.000338 seconds.
  path: Assets/FungusExamples/Sherlock/Audio/music/Eliminate the Impossible.ogg
  artifactKey: Guid(f3c866bbc4639e7409c30c71736d84a6) Importer(815301076,1909f56bfc062723c751e8b465ee728b)
Start importing Assets/FungusExamples/Sherlock/Audio/music/Eliminate the Impossible.ogg using Guid(f3c866bbc4639e7409c30c71736d84a6) Importer(815301076,1909f56bfc062723c751e8b465ee728b)  -> (artifact id: '5e8da1c09d0276325e9a469eb0d61934') in 0.054030 seconds 
  Import took 0.062508 seconds .

========================================================================
Received Import Request.
  Time since last request: 0.000356 seconds.
  path: Assets/FungusExamples/TheFacility/Music/CKZ_-_09_-_Youre_Not_Real.mp3
  artifactKey: Guid(8f2a44f9988c2445aa82bed59f677134) Importer(815301076,1909f56bfc062723c751e8b465ee728b)
Start importing Assets/FungusExamples/TheFacility/Music/CKZ_-_09_-_Youre_Not_Real.mp3 using Guid(8f2a44f9988c2445aa82bed59f677134) Importer(815301076,1909f56bfc062723c751e8b465ee728b)  -> (artifact id: 'eabf969c0076e81f60e93535bf82bbd4') in 0.061537 seconds 
  Import took 0.070809 seconds .

========================================================================
Received Import Request.
  Time since last request: 0.000286 seconds.
  path: Assets/FungusExamples/JumpingPrax/Music/PraxMusic.mp3
  artifactKey: Guid(19f33067513db4e9cb3a36d5c984bba7) Importer(815301076,1909f56bfc062723c751e8b465ee728b)
Start importing Assets/FungusExamples/JumpingPrax/Music/PraxMusic.mp3 using Guid(19f33067513db4e9cb3a36d5c984bba7) Importer(815301076,1909f56bfc062723c751e8b465ee728b)  -> (artifact id: 'a52baef8cbe418e8dd7bfc00820c99fe') in 0.022523 seconds 
  Import took 0.030815 seconds .

========================================================================
Received Import Request.
  Time since last request: 0.000315 seconds.
  path: Assets/FungusExamples/Sherlock/Audio/Emote/Pleased.wav
  artifactKey: Guid(cf4986a7000bafc498f65f9d71ab28d1) Importer(815301076,1909f56bfc062723c751e8b465ee728b)
Start importing Assets/FungusExamples/Sherlock/Audio/Emote/Pleased.wav using Guid(cf4986a7000bafc498f65f9d71ab28d1) Importer(815301076,1909f56bfc062723c751e8b465ee728b)  -> (artifact id: 'd1ff60c940a5485673a494cf12e88b0c') in 0.022967 seconds 
  Import took 0.032756 seconds .

========================================================================
Received Import Request.
  Time since last request: 0.000310 seconds.
  path: Assets/FungusExamples/TheHunter/Audio/Music.mp3
  artifactKey: Guid(d858bb0968ae746b0a6801434b848b69) Importer(815301076,1909f56bfc062723c751e8b465ee728b)
Start importing Assets/FungusExamples/TheHunter/Audio/Music.mp3 using Guid(d858bb0968ae746b0a6801434b848b69) Importer(815301076,1909f56bfc062723c751e8b465ee728b)  -> (artifact id: 'ff608510c3db8f3a365db6713c6c6646') in 0.035150 seconds 
  Import took 0.043884 seconds .

========================================================================
Received Import Request.
  Time since last request: 0.000343 seconds.
  path: Assets/FungusExamples/Sherlock/Audio/Emote/Answer.wav
  artifactKey: Guid(be122d5e134d8fb46a8f0d559bf85f08) Importer(815301076,1909f56bfc062723c751e8b465ee728b)
Start importing Assets/FungusExamples/Sherlock/Audio/Emote/Answer.wav using Guid(be122d5e134d8fb46a8f0d559bf85f08) Importer(815301076,1909f56bfc062723c751e8b465ee728b)  -> (artifact id: '213e1e0bb6d185a375ad22e1f0f00371') in 0.039203 seconds 
  Import took 0.048345 seconds .

========================================================================
Received Import Request.
  Time since last request: 0.000258 seconds.
  path: Assets/FungusExamples/Sherlock/Audio/Emote/Confused.wav
  artifactKey: Guid(2c83109679b046a45a12f2ab05210351) Importer(815301076,1909f56bfc062723c751e8b465ee728b)
Start importing Assets/FungusExamples/Sherlock/Audio/Emote/Confused.wav using Guid(2c83109679b046a45a12f2ab05210351) Importer(815301076,1909f56bfc062723c751e8b465ee728b)  -> (artifact id: '142774b72cd3a7904e6ee209e58a76ee') in 0.029270 seconds 
  Import took 0.038267 seconds .

========================================================================
Received Import Request.
  Time since last request: 0.000270 seconds.
  path: Assets/FungusExamples/Sherlock/Audio/Emote/Clue.wav
  artifactKey: Guid(72d43fdfb85cbb04187e145717cfc970) Importer(815301076,1909f56bfc062723c751e8b465ee728b)
Start importing Assets/FungusExamples/Sherlock/Audio/Emote/Clue.wav using Guid(72d43fdfb85cbb04187e145717cfc970) Importer(815301076,1909f56bfc062723c751e8b465ee728b)  -> (artifact id: 'bdd43386c5db7db93c46b796d53369c0') in 0.060467 seconds 
  Import took 0.069830 seconds .

========================================================================
Received Import Request.
  Time since last request: 0.000298 seconds.
  path: Assets/FungusExamples/TheHunter/Audio/Typing/JiminyC.wav
  artifactKey: Guid(124184555ec434aa68814be3bd116c26) Importer(815301076,1909f56bfc062723c751e8b465ee728b)
Start importing Assets/FungusExamples/TheHunter/Audio/Typing/JiminyC.wav using Guid(124184555ec434aa68814be3bd116c26) Importer(815301076,1909f56bfc062723c751e8b465ee728b)  -> (artifact id: 'b253c0aa3f5b40db9493b96643c2b4ee') in 0.026174 seconds 
  Import took 0.035638 seconds .

========================================================================
Received Prepare
Registering precompiled user dll's ...
Registered in 0.004862 seconds.
Begin MonoManager ReloadAssembly
Native extension for WindowsStandalone target not found
Refreshing native plugins compatible for Editor in 0.94 ms, found 3 plugins.
Preloading 0 native plugins for Editor in 0.00 ms.
Mono: successfully reloaded assembly
- Completed reload, in  1.552 seconds
Domain Reload Profiling:
	ReloadAssembly (1552ms)
		BeginReloadAssembly (179ms)
			ExecutionOrderSort (0ms)
			DisableScriptedObjects (8ms)
			BackupInstance (0ms)
			ReleaseScriptingObjects (0ms)
			CreateAndSetChildDomain (47ms)
		EndReloadAssembly (1297ms)
			LoadAssemblies (168ms)
			RebuildTransferFunctionScriptingTraits (0ms)
			SetupTypeCache (481ms)
			ReleaseScriptCaches (2ms)
			RebuildScriptCaches (79ms)
			SetupLoadedEditorAssemblies (448ms)
				LogAssemblyErrors (0ms)
				InitializePlatformSupportModulesInManaged (6ms)
				SetLoadedEditorAssemblies (1ms)
				RefreshPlugins (1ms)
				BeforeProcessingInitializeOnLoad (129ms)
				ProcessInitializeOnLoadAttributes (300ms)
				ProcessInitializeOnLoadMethodAttributes (7ms)
				AfterProcessingInitializeOnLoad (3ms)
				EditorAssembliesLoaded (0ms)
			ExecutionOrderSort2 (0ms)
			AwakeInstancesAfterBackupRestoration (14ms)
Platform modules already initialized, skipping
Refreshing native plugins compatible for Editor in 0.95 ms, found 3 plugins.
Preloading 0 native plugins for Editor in 0.00 ms.
Unloading 4141 Unused Serialized files (Serialized files now loaded: 0)
System memory in use before: 251.6 MB.
System memory in use after: 251.8 MB.

Unloading 18 unused Assets to reduce memory usage. Loaded Objects now: 4742.
Total: 5.037000 ms (FindLiveObjects: 0.472300 ms CreateObjectMapping: 0.313700 ms MarkObjects: 4.106500 ms  DeleteObjects: 0.142900 ms)

AssetImportParameters requested are different than current active one (requested -> active):
  custom:framework-win-MediaFoundation: 216162199b28c13a410421893ffa2e32 -> 
  custom:video-decoder-ogg-theora: a1e56fd34408186e4bbccfd4996cb3dc -> 
  custom:container-muxer-webm: aa71ff27fc2769a1b78a27578f13a17b -> 
  custom:container-demuxer-webm: 4f35f7cbe854078d1ac9338744f61a02 -> 
  custom:container-demuxer-ogg: 62fdf1f143b41e24485cea50d1cbac27 -> 
  custom:video-encoder-webm-vp8: eb34c28f22e8b96e1ab97ce403110664 -> 
  custom:video-codec-MediaFoundation-h265: 746d11721c4dcdbdad8f713fa42b33f4 -> 
  custom:video-decoder-webm-vp8: 9c59270c3fd7afecdb556c50c9e8de78 -> 
  custom:audio-decoder-ogg-vorbis: bf7c407c2cedff20999df2af8eb42d56 -> 
  custom:audio-encoder-webm-vorbis: bf7c407c2cedff20999df2af8eb42d56 -> 
========================================================================
Received Prepare
Registering precompiled user dll's ...
Registered in 0.005467 seconds.
Begin MonoManager ReloadAssembly
Native extension for WindowsStandalone target not found
Refreshing native plugins compatible for Editor in 0.91 ms, found 3 plugins.
Preloading 0 native plugins for Editor in 0.00 ms.
Mono: successfully reloaded assembly
- Completed reload, in  1.582 seconds
Domain Reload Profiling:
	ReloadAssembly (1582ms)
		BeginReloadAssembly (166ms)
			ExecutionOrderSort (0ms)
			DisableScriptedObjects (8ms)
			BackupInstance (0ms)
			ReleaseScriptingObjects (0ms)
			CreateAndSetChildDomain (46ms)
		EndReloadAssembly (1340ms)
			LoadAssemblies (171ms)
			RebuildTransferFunctionScriptingTraits (0ms)
			SetupTypeCache (503ms)
			ReleaseScriptCaches (2ms)
			RebuildScriptCaches (76ms)
			SetupLoadedEditorAssemblies (463ms)
				LogAssemblyErrors (0ms)
				InitializePlatformSupportModulesInManaged (6ms)
				SetLoadedEditorAssemblies (1ms)
				RefreshPlugins (1ms)
				BeforeProcessingInitializeOnLoad (132ms)
				ProcessInitializeOnLoadAttributes (312ms)
				ProcessInitializeOnLoadMethodAttributes (8ms)
				AfterProcessingInitializeOnLoad (4ms)
				EditorAssembliesLoaded (0ms)
			ExecutionOrderSort2 (0ms)
			AwakeInstancesAfterBackupRestoration (14ms)
Platform modules already initialized, skipping
Refreshing native plugins compatible for Editor in 1.57 ms, found 3 plugins.
Preloading 0 native plugins for Editor in 0.00 ms.
Unloading 4141 Unused Serialized files (Serialized files now loaded: 0)
System memory in use before: 251.6 MB.
System memory in use after: 251.8 MB.

Unloading 18 unused Assets to reduce memory usage. Loaded Objects now: 4745.
Total: 6.320700 ms (FindLiveObjects: 0.819400 ms CreateObjectMapping: 0.567300 ms MarkObjects: 4.772600 ms  DeleteObjects: 0.159900 ms)

AssetImportParameters requested are different than current active one (requested -> active):
  custom:framework-win-MediaFoundation: 216162199b28c13a410421893ffa2e32 -> 
  custom:video-decoder-ogg-theora: a1e56fd34408186e4bbccfd4996cb3dc -> 
  custom:container-muxer-webm: aa71ff27fc2769a1b78a27578f13a17b -> 
  custom:container-demuxer-webm: 4f35f7cbe854078d1ac9338744f61a02 -> 
  custom:container-demuxer-ogg: 62fdf1f143b41e24485cea50d1cbac27 -> 
  custom:video-encoder-webm-vp8: eb34c28f22e8b96e1ab97ce403110664 -> 
  custom:video-codec-MediaFoundation-h265: 746d11721c4dcdbdad8f713fa42b33f4 -> 
  custom:video-decoder-webm-vp8: 9c59270c3fd7afecdb556c50c9e8de78 -> 
  custom:audio-decoder-ogg-vorbis: bf7c407c2cedff20999df2af8eb42d56 -> 
  custom:audio-encoder-webm-vorbis: bf7c407c2cedff20999df2af8eb42d56 -> 
========================================================================
Received Import Request.
  Time since last request: 183.900489 seconds.
  path: Assets/Assets/Lady/idle02.png
  artifactKey: Guid(c729b0443d3a6144eb25effbfdb88841) Importer(815301076,1909f56bfc062723c751e8b465ee728b)
Start importing Assets/Assets/Lady/idle02.png using Guid(c729b0443d3a6144eb25effbfdb88841) Importer(815301076,1909f56bfc062723c751e8b465ee728b)  -> (artifact id: 'cb312d0edb06806637a90442d3e008b1') in 0.108484 seconds 
  Import took 0.116451 seconds .

========================================================================
Received Import Request.
  Time since last request: 17.565352 seconds.
  path: Assets/Assets/Lady/idle02.png
  artifactKey: Guid(c729b0443d3a6144eb25effbfdb88841) Importer(815301076,1909f56bfc062723c751e8b465ee728b)
Start importing Assets/Assets/Lady/idle02.png using Guid(c729b0443d3a6144eb25effbfdb88841) Importer(815301076,1909f56bfc062723c751e8b465ee728b)  -> (artifact id: 'e340d7dae9de81744c5facedd5f7d1b7') in 0.136284 seconds 
  Import took 0.153465 seconds .

========================================================================
Received Import Request.
  Time since last request: 37.889605 seconds.
  path: Assets/Assets/Lady/idle02.png
  artifactKey: Guid(c729b0443d3a6144eb25effbfdb88841) Importer(815301076,1909f56bfc062723c751e8b465ee728b)
Start importing Assets/Assets/Lady/idle02.png using Guid(c729b0443d3a6144eb25effbfdb88841) Importer(815301076,1909f56bfc062723c751e8b465ee728b)  -> (artifact id: 'a3a6ffc3a0a7a16a6f1ddbad10873bce') in 0.613335 seconds 
  Import took 0.642525 seconds .

========================================================================
Received Import Request.
  Time since last request: 785.608236 seconds.
  path: Assets/Assets/Lady/idle04.png
  artifactKey: Guid(e150167f950ff6c40aaa24835e8d6f1a) Importer(815301076,1909f56bfc062723c751e8b465ee728b)
Start importing Assets/Assets/Lady/idle04.png using Guid(e150167f950ff6c40aaa24835e8d6f1a) Importer(815301076,1909f56bfc062723c751e8b465ee728b)  -> (artifact id: '5c90f7f955a47f39bcdc94656f3a2f3e') in 0.044506 seconds 
  Import took 0.055157 seconds .

========================================================================
Received Import Request.
  Time since last request: 12.111272 seconds.
  path: Assets/Assets/Lady/idle04.png
  artifactKey: Guid(e150167f950ff6c40aaa24835e8d6f1a) Importer(815301076,1909f56bfc062723c751e8b465ee728b)
Start importing Assets/Assets/Lady/idle04.png using Guid(e150167f950ff6c40aaa24835e8d6f1a) Importer(815301076,1909f56bfc062723c751e8b465ee728b)  -> (artifact id: 'c8fb0a9b01a1b9b1e91276cd344c26eb') in 0.103564 seconds 
  Import took 0.121533 seconds .

========================================================================
Received Import Request.
  Time since last request: 21.348550 seconds.
  path: Assets/Assets/Lady/idle04.png
  artifactKey: Guid(e150167f950ff6c40aaa24835e8d6f1a) Importer(815301076,1909f56bfc062723c751e8b465ee728b)
Start importing Assets/Assets/Lady/idle04.png using Guid(e150167f950ff6c40aaa24835e8d6f1a) Importer(815301076,1909f56bfc062723c751e8b465ee728b)  -> (artifact id: '93a6f8e4a70046c1cdcb67120d88aadc') in 0.651528 seconds 
  Import took 0.673833 seconds .

========================================================================
Received Import Request.
  Time since last request: 655.970211 seconds.
  path: Assets/Assets/Lady/idle04.png
  artifactKey: Guid(e150167f950ff6c40aaa24835e8d6f1a) Importer(815301076,1909f56bfc062723c751e8b465ee728b)
Start importing Assets/Assets/Lady/idle04.png using Guid(e150167f950ff6c40aaa24835e8d6f1a) Importer(815301076,1909f56bfc062723c751e8b465ee728b)  -> (artifact id: 'f172aa31926f498b2100c9ab3f1e9a80') in 0.068646 seconds 
  Import took 0.078235 seconds .

========================================================================
Received Import Request.
  Time since last request: 13.423441 seconds.
  path: Assets/Assets/Lady/idle04.png
  artifactKey: Guid(e150167f950ff6c40aaa24835e8d6f1a) Importer(815301076,1909f56bfc062723c751e8b465ee728b)
Start importing Assets/Assets/Lady/idle04.png using Guid(e150167f950ff6c40aaa24835e8d6f1a) Importer(815301076,1909f56bfc062723c751e8b465ee728b)  -> (artifact id: 'c3fa5703b1788301fe7f833257c5e935') in 0.181571 seconds 
  Import took 0.203053 seconds .

========================================================================
Received Import Request.
  Time since last request: 50.033980 seconds.
  path: Assets/Assets/Lady/idle04.png
  artifactKey: Guid(e150167f950ff6c40aaa24835e8d6f1a) Importer(815301076,1909f56bfc062723c751e8b465ee728b)
Start importing Assets/Assets/Lady/idle04.png using Guid(e150167f950ff6c40aaa24835e8d6f1a) Importer(815301076,1909f56bfc062723c751e8b465ee728b)  -> (artifact id: 'b9882c74949c4fedbbc62500cc4e083f') in 1.590369 seconds 
  Import took 1.656075 seconds .

========================================================================
Received Import Request.
  Time since last request: 38.986440 seconds.
  path: Assets/Assets/Continue.controller
  artifactKey: Guid(b05b6576853647f4a81a407e9ff89e98) Importer(815301076,1909f56bfc062723c751e8b465ee728b)
Start importing Assets/Assets/Continue.controller using Guid(b05b6576853647f4a81a407e9ff89e98) Importer(815301076,1909f56bfc062723c751e8b465ee728b)  -> (artifact id: 'eccd1ceb0d12e957bf0b638e9f23bb9d') in 0.005400 seconds 
  Import took 0.014481 seconds .

========================================================================
Received Import Request.
  Time since last request: 30.277946 seconds.
  path: Assets/Assets/Crow/animations/Player.controller
  artifactKey: Guid(6cd223ed8c575414aad5d6d77e5335c6) Importer(815301076,1909f56bfc062723c751e8b465ee728b)
Start importing Assets/Assets/Crow/animations/Player.controller using Guid(6cd223ed8c575414aad5d6d77e5335c6) Importer(815301076,1909f56bfc062723c751e8b465ee728b)  -> (artifact id: 'ca2f278c695677b881fddcb2da17c557') in 0.018254 seconds 
  Import took 0.027850 seconds .

========================================================================
Received Import Request.
  Time since last request: 29.920526 seconds.
  path: Assets/Lamp.cs
  artifactKey: Guid(031f6ebd994363f429c00ae84761878a) Importer(815301076,1909f56bfc062723c751e8b465ee728b)
Start importing Assets/Lamp.cs using Guid(031f6ebd994363f429c00ae84761878a) Importer(815301076,1909f56bfc062723c751e8b465ee728b)  -> (artifact id: '55badcff2ee9887dabad20422bb1f63a') in 0.021873 seconds 
  Import took 0.038128 seconds .

========================================================================
Received Import Request.
  Time since last request: 8.109374 seconds.
  path: Assets/RandomLadyIdle.cs
  artifactKey: Guid(c8db49cc1cb5cfb4d823d087f71c68b2) Importer(815301076,1909f56bfc062723c751e8b465ee728b)
Start importing Assets/RandomLadyIdle.cs using Guid(c8db49cc1cb5cfb4d823d087f71c68b2) Importer(815301076,1909f56bfc062723c751e8b465ee728b)  -> (artifact id: '84124131dfc69b4527453b0d9152ea45') in 0.010283 seconds 
  Import took 0.019667 seconds .

========================================================================
Received Prepare
Registering precompiled user dll's ...
Registered in 0.004958 seconds.
Begin MonoManager ReloadAssembly
Native extension for WindowsStandalone target not found
Refreshing native plugins compatible for Editor in 0.97 ms, found 3 plugins.
Preloading 0 native plugins for Editor in 0.00 ms.
Mono: successfully reloaded assembly
- Completed reload, in  1.577 seconds
Domain Reload Profiling:
	ReloadAssembly (1578ms)
		BeginReloadAssembly (187ms)
			ExecutionOrderSort (0ms)
			DisableScriptedObjects (8ms)
			BackupInstance (0ms)
			ReleaseScriptingObjects (0ms)
			CreateAndSetChildDomain (59ms)
		EndReloadAssembly (1309ms)
			LoadAssemblies (186ms)
			RebuildTransferFunctionScriptingTraits (0ms)
			SetupTypeCache (496ms)
			ReleaseScriptCaches (2ms)
			RebuildScriptCaches (72ms)
			SetupLoadedEditorAssemblies (455ms)
				LogAssemblyErrors (0ms)
				InitializePlatformSupportModulesInManaged (8ms)
				SetLoadedEditorAssemblies (1ms)
				RefreshPlugins (1ms)
				BeforeProcessingInitializeOnLoad (132ms)
				ProcessInitializeOnLoadAttributes (303ms)
				ProcessInitializeOnLoadMethodAttributes (7ms)
				AfterProcessingInitializeOnLoad (3ms)
				EditorAssembliesLoaded (0ms)
			ExecutionOrderSort2 (0ms)
			AwakeInstancesAfterBackupRestoration (13ms)
Platform modules already initialized, skipping
Refreshing native plugins compatible for Editor in 0.89 ms, found 3 plugins.
Preloading 0 native plugins for Editor in 0.00 ms.
Unloading 4142 Unused Serialized files (Serialized files now loaded: 0)
System memory in use before: 252.3 MB.
System memory in use after: 252.4 MB.

Unloading 18 unused Assets to reduce memory usage. Loaded Objects now: 4756.
Total: 4.784300 ms (FindLiveObjects: 0.488800 ms CreateObjectMapping: 0.248700 ms MarkObjects: 3.885100 ms  DeleteObjects: 0.160400 ms)

AssetImportParameters requested are different than current active one (requested -> active):
  custom:framework-win-MediaFoundation: 216162199b28c13a410421893ffa2e32 -> 
  custom:video-decoder-ogg-theora: a1e56fd34408186e4bbccfd4996cb3dc -> 
  custom:container-muxer-webm: aa71ff27fc2769a1b78a27578f13a17b -> 
  custom:container-demuxer-webm: 4f35f7cbe854078d1ac9338744f61a02 -> 
  custom:container-demuxer-ogg: 62fdf1f143b41e24485cea50d1cbac27 -> 
  custom:video-encoder-webm-vp8: eb34c28f22e8b96e1ab97ce403110664 -> 
  custom:video-codec-MediaFoundation-h265: 746d11721c4dcdbdad8f713fa42b33f4 -> 
  custom:video-decoder-webm-vp8: 9c59270c3fd7afecdb556c50c9e8de78 -> 
  custom:audio-decoder-ogg-vorbis: bf7c407c2cedff20999df2af8eb42d56 -> 
  custom:audio-encoder-webm-vorbis: bf7c407c2cedff20999df2af8eb42d56 -> 
========================================================================
Received Import Request.
  Time since last request: 14.850617 seconds.
  path: Assets/RandomIdle.cs
  artifactKey: Guid(20f8f61592df71642941d522f563088a) Importer(815301076,1909f56bfc062723c751e8b465ee728b)
Start importing Assets/RandomIdle.cs using Guid(20f8f61592df71642941d522f563088a) Importer(815301076,1909f56bfc062723c751e8b465ee728b)  -> (artifact id: 'f21a1ffbe04e2eb8c7c893f275e4a2cf') in 0.012391 seconds 
  Import took 0.020383 seconds .

========================================================================
Received Import Request.
  Time since last request: 60.742110 seconds.
  path: Assets/Assets/Lady/animations/idle01_0.controller
  artifactKey: Guid(4e13ce91d660fca449d194d4c12c3eb9) Importer(815301076,1909f56bfc062723c751e8b465ee728b)
Start importing Assets/Assets/Lady/animations/idle01_0.controller using Guid(4e13ce91d660fca449d194d4c12c3eb9) Importer(815301076,1909f56bfc062723c751e8b465ee728b)  -> (artifact id: 'd97fef52da81a17ad78ed949571e2f78') in 0.027624 seconds 
  Import took 0.038187 seconds .

========================================================================
Received Import Request.
  Time since last request: 55.553553 seconds.
  path: Assets/Assets/Crow/animations/idle01L.anim
  artifactKey: Guid(af30ac9f72796294887a872ad7fca1fd) Importer(815301076,1909f56bfc062723c751e8b465ee728b)
Start importing Assets/Assets/Crow/animations/idle01L.anim using Guid(af30ac9f72796294887a872ad7fca1fd) Importer(815301076,1909f56bfc062723c751e8b465ee728b)  -> (artifact id: 'b6aa2891fcf1aae7b74f903a844472dc') in 0.011542 seconds 
  Import took 0.026680 seconds .

========================================================================
Received Prepare
Registering precompiled user dll's ...
Registered in 0.004753 seconds.
Begin MonoManager ReloadAssembly
Native extension for WindowsStandalone target not found
Refreshing native plugins compatible for Editor in 0.96 ms, found 3 plugins.
Preloading 0 native plugins for Editor in 0.00 ms.
Mono: successfully reloaded assembly
- Completed reload, in  1.469 seconds
Domain Reload Profiling:
	ReloadAssembly (1469ms)
		BeginReloadAssembly (183ms)
			ExecutionOrderSort (0ms)
			DisableScriptedObjects (10ms)
			BackupInstance (0ms)
			ReleaseScriptingObjects (0ms)
			CreateAndSetChildDomain (54ms)
		EndReloadAssembly (1209ms)
			LoadAssemblies (166ms)
			RebuildTransferFunctionScriptingTraits (0ms)
			SetupTypeCache (434ms)
			ReleaseScriptCaches (2ms)
			RebuildScriptCaches (69ms)
			SetupLoadedEditorAssemblies (435ms)
				LogAssemblyErrors (0ms)
				InitializePlatformSupportModulesInManaged (7ms)
				SetLoadedEditorAssemblies (1ms)
				RefreshPlugins (1ms)
				BeforeProcessingInitializeOnLoad (117ms)
				ProcessInitializeOnLoadAttributes (299ms)
				ProcessInitializeOnLoadMethodAttributes (7ms)
				AfterProcessingInitializeOnLoad (3ms)
				EditorAssembliesLoaded (0ms)
			ExecutionOrderSort2 (0ms)
			AwakeInstancesAfterBackupRestoration (13ms)
Platform modules already initialized, skipping
Refreshing native plugins compatible for Editor in 0.84 ms, found 3 plugins.
Preloading 0 native plugins for Editor in 0.00 ms.
Unloading 4142 Unused Serialized files (Serialized files now loaded: 0)
System memory in use before: 252.3 MB.
System memory in use after: 252.4 MB.

Unloading 18 unused Assets to reduce memory usage. Loaded Objects now: 4759.
Total: 4.745400 ms (FindLiveObjects: 0.382500 ms CreateObjectMapping: 0.217200 ms MarkObjects: 3.961400 ms  DeleteObjects: 0.183100 ms)

AssetImportParameters requested are different than current active one (requested -> active):
  custom:framework-win-MediaFoundation: 216162199b28c13a410421893ffa2e32 -> 
  custom:video-decoder-ogg-theora: a1e56fd34408186e4bbccfd4996cb3dc -> 
  custom:container-muxer-webm: aa71ff27fc2769a1b78a27578f13a17b -> 
  custom:container-demuxer-webm: 4f35f7cbe854078d1ac9338744f61a02 -> 
  custom:container-demuxer-ogg: 62fdf1f143b41e24485cea50d1cbac27 -> 
  custom:video-encoder-webm-vp8: eb34c28f22e8b96e1ab97ce403110664 -> 
  custom:video-codec-MediaFoundation-h265: 746d11721c4dcdbdad8f713fa42b33f4 -> 
  custom:video-decoder-webm-vp8: 9c59270c3fd7afecdb556c50c9e8de78 -> 
  custom:audio-decoder-ogg-vorbis: bf7c407c2cedff20999df2af8eb42d56 -> 
  custom:audio-encoder-webm-vorbis: bf7c407c2cedff20999df2af8eb42d56 -> 
========================================================================
Received Prepare
Registering precompiled user dll's ...
Registered in 0.004964 seconds.
Begin MonoManager ReloadAssembly
Native extension for WindowsStandalone target not found
Refreshing native plugins compatible for Editor in 0.90 ms, found 3 plugins.
Preloading 0 native plugins for Editor in 0.00 ms.
Mono: successfully reloaded assembly
- Completed reload, in  1.433 seconds
Domain Reload Profiling:
	ReloadAssembly (1434ms)
		BeginReloadAssembly (159ms)
			ExecutionOrderSort (0ms)
			DisableScriptedObjects (7ms)
			BackupInstance (0ms)
			ReleaseScriptingObjects (0ms)
			CreateAndSetChildDomain (42ms)
		EndReloadAssembly (1207ms)
			LoadAssemblies (144ms)
			RebuildTransferFunctionScriptingTraits (0ms)
			SetupTypeCache (469ms)
			ReleaseScriptCaches (2ms)
			RebuildScriptCaches (73ms)
			SetupLoadedEditorAssemblies (412ms)
				LogAssemblyErrors (0ms)
				InitializePlatformSupportModulesInManaged (6ms)
				SetLoadedEditorAssemblies (1ms)
				RefreshPlugins (1ms)
				BeforeProcessingInitializeOnLoad (118ms)
				ProcessInitializeOnLoadAttributes (277ms)
				ProcessInitializeOnLoadMethodAttributes (7ms)
				AfterProcessingInitializeOnLoad (3ms)
				EditorAssembliesLoaded (0ms)
			ExecutionOrderSort2 (0ms)
			AwakeInstancesAfterBackupRestoration (12ms)
Platform modules already initialized, skipping
Refreshing native plugins compatible for Editor in 1.02 ms, found 3 plugins.
Preloading 0 native plugins for Editor in 0.00 ms.
Unloading 4142 Unused Serialized files (Serialized files now loaded: 0)
System memory in use before: 252.3 MB.
System memory in use after: 252.5 MB.

Unloading 18 unused Assets to reduce memory usage. Loaded Objects now: 4762.
Total: 5.532800 ms (FindLiveObjects: 0.580100 ms CreateObjectMapping: 0.506000 ms MarkObjects: 4.277400 ms  DeleteObjects: 0.168000 ms)

AssetImportParameters requested are different than current active one (requested -> active):
  custom:framework-win-MediaFoundation: 216162199b28c13a410421893ffa2e32 -> 
  custom:video-decoder-ogg-theora: a1e56fd34408186e4bbccfd4996cb3dc -> 
  custom:container-muxer-webm: aa71ff27fc2769a1b78a27578f13a17b -> 
  custom:container-demuxer-webm: 4f35f7cbe854078d1ac9338744f61a02 -> 
  custom:container-demuxer-ogg: 62fdf1f143b41e24485cea50d1cbac27 -> 
  custom:video-encoder-webm-vp8: eb34c28f22e8b96e1ab97ce403110664 -> 
  custom:video-codec-MediaFoundation-h265: 746d11721c4dcdbdad8f713fa42b33f4 -> 
  custom:video-decoder-webm-vp8: 9c59270c3fd7afecdb556c50c9e8de78 -> 
  custom:audio-decoder-ogg-vorbis: bf7c407c2cedff20999df2af8eb42d56 -> 
  custom:audio-encoder-webm-vorbis: bf7c407c2cedff20999df2af8eb42d56 -> 
========================================================================
Received Prepare
Registering precompiled user dll's ...
Registered in 0.004962 seconds.
Begin MonoManager ReloadAssembly
Native extension for WindowsStandalone target not found
Refreshing native plugins compatible for Editor in 0.83 ms, found 3 plugins.
Preloading 0 native plugins for Editor in 0.00 ms.
Mono: successfully reloaded assembly
- Completed reload, in  1.416 seconds
Domain Reload Profiling:
	ReloadAssembly (1416ms)
		BeginReloadAssembly (163ms)
			ExecutionOrderSort (0ms)
			DisableScriptedObjects (8ms)
			BackupInstance (0ms)
			ReleaseScriptingObjects (0ms)
			CreateAndSetChildDomain (48ms)
		EndReloadAssembly (1176ms)
			LoadAssemblies (156ms)
			RebuildTransferFunctionScriptingTraits (0ms)
			SetupTypeCache (444ms)
			ReleaseScriptCaches (2ms)
			RebuildScriptCaches (60ms)
			SetupLoadedEditorAssemblies (415ms)
				LogAssemblyErrors (0ms)
				InitializePlatformSupportModulesInManaged (6ms)
				SetLoadedEditorAssemblies (1ms)
				RefreshPlugins (1ms)
				BeforeProcessingInitializeOnLoad (125ms)
				ProcessInitializeOnLoadAttributes (273ms)
				ProcessInitializeOnLoadMethodAttributes (6ms)
				AfterProcessingInitializeOnLoad (3ms)
				EditorAssembliesLoaded (0ms)
			ExecutionOrderSort2 (0ms)
			AwakeInstancesAfterBackupRestoration (12ms)
Platform modules already initialized, skipping
Refreshing native plugins compatible for Editor in 0.88 ms, found 3 plugins.
Preloading 0 native plugins for Editor in 0.00 ms.
Unloading 4142 Unused Serialized files (Serialized files now loaded: 0)
System memory in use before: 252.3 MB.
System memory in use after: 252.5 MB.

Unloading 18 unused Assets to reduce memory usage. Loaded Objects now: 4765.
Total: 4.747200 ms (FindLiveObjects: 0.541100 ms CreateObjectMapping: 0.232900 ms MarkObjects: 3.810000 ms  DeleteObjects: 0.161800 ms)

AssetImportParameters requested are different than current active one (requested -> active):
  custom:framework-win-MediaFoundation: 216162199b28c13a410421893ffa2e32 -> 
  custom:video-decoder-ogg-theora: a1e56fd34408186e4bbccfd4996cb3dc -> 
  custom:container-muxer-webm: aa71ff27fc2769a1b78a27578f13a17b -> 
  custom:container-demuxer-webm: 4f35f7cbe854078d1ac9338744f61a02 -> 
  custom:container-demuxer-ogg: 62fdf1f143b41e24485cea50d1cbac27 -> 
  custom:video-encoder-webm-vp8: eb34c28f22e8b96e1ab97ce403110664 -> 
  custom:video-codec-MediaFoundation-h265: 746d11721c4dcdbdad8f713fa42b33f4 -> 
  custom:video-decoder-webm-vp8: 9c59270c3fd7afecdb556c50c9e8de78 -> 
  custom:audio-decoder-ogg-vorbis: bf7c407c2cedff20999df2af8eb42d56 -> 
  custom:audio-encoder-webm-vorbis: bf7c407c2cedff20999df2af8eb42d56 -> 
